2018-03-28 20:51:29,335 INFO Modules checked, good to proceed.
2018-03-28 20:51:29,335 INFO Creating database table.
2018-03-28 20:51:29,336 INFO Database table created.
2018-03-28 20:51:39,115 INFO google.com Starting scrape.
2018-03-28 20:51:39,825 INFO google.com No ads.txt found.
2018-03-28 20:51:39,825 INFO youtube.com Starting scrape.
2018-03-28 20:51:40,700 INFO youtube.com Scrape successful, committed to database.
2018-03-28 20:51:40,710 INFO facebook.com Starting scrape.
2018-03-28 20:51:41,009 INFO facebook.com No ads.txt found.
2018-03-28 20:51:41,016 INFO baidu.com Starting scrape.
2018-03-28 20:51:43,220 INFO baidu.com No ads.txt found.
2018-03-28 20:51:43,229 INFO wikipedia.org Starting scrape.
2018-03-28 20:51:44,048 INFO wikipedia.org No ads.txt found.
2018-03-28 20:51:44,056 INFO yahoo.com Starting scrape.
2018-03-28 20:51:45,944 INFO yahoo.com No ads.txt found.
2018-03-28 20:51:45,956 INFO reddit.com Starting scrape.
2018-03-28 20:51:47,042 INFO reddit.com Scrape successful, committed to database.
2018-03-28 20:51:47,055 INFO google.co.in Starting scrape.
2018-03-28 20:51:48,147 INFO google.co.in No ads.txt found.
2018-03-28 20:51:48,154 INFO qq.com Starting scrape.
2018-03-28 20:51:50,210 INFO qq.com No ads.txt found.
2018-03-28 20:51:50,223 INFO taobao.com Starting scrape.
2018-03-28 20:51:52,881 INFO taobao.com No ads.txt found.
2018-03-28 20:51:52,881 INFO amazon.com Starting scrape.
2018-03-28 20:51:54,923 INFO amazon.com Scrape successful, committed to database.
2018-03-28 20:51:54,923 INFO twitter.com Starting scrape.
2018-03-28 20:51:55,556 INFO twitter.com No ads.txt found.
2018-03-28 20:51:55,556 INFO tmall.com Starting scrape.
2018-03-28 20:51:59,280 INFO tmall.com No ads.txt found.
2018-03-28 20:51:59,280 INFO live.com Starting scrape.
2018-03-28 20:52:01,056 INFO live.com No ads.txt found.
2018-03-28 20:52:01,056 INFO instagram.com Starting scrape.
2018-03-28 20:52:03,131 INFO instagram.com No ads.txt found.
2018-03-28 20:52:03,132 INFO google.co.jp Starting scrape.
2018-03-28 20:52:05,131 INFO google.co.jp No ads.txt found.
2018-03-28 20:52:05,131 INFO vk.com Starting scrape.
2018-03-28 20:52:06,812 INFO vk.com No ads.txt found.
2018-03-28 20:52:06,812 INFO sohu.com Starting scrape.
2018-03-28 20:52:09,230 INFO sohu.com No ads.txt found.
2018-03-28 20:52:09,230 INFO sina.com.cn Starting scrape.
2018-03-28 20:52:13,148 INFO sina.com.cn Scrape successful, committed to database.
2018-03-28 20:52:13,150 INFO jd.com Starting scrape.
2018-03-28 20:52:14,484 INFO jd.com No ads.txt found.
