2018-03-28 16:32:23,492 INFO Creating database table.
2018-03-28 16:32:23,502 INFO Database table created.
2018-03-28 16:32:33,841 INFO google.com Starting scrape.
2018-03-28 16:32:34,690 INFO google.com No ads.txt found.
2018-03-28 16:32:34,690 INFO youtube.com Starting scrape.
2018-03-28 16:32:35,546 INFO youtube.com Scrape successful, committed to database.
2018-03-28 16:32:35,548 INFO facebook.com Starting scrape.
2018-03-28 16:32:36,584 INFO facebook.com No ads.txt found.
2018-03-28 16:32:36,584 INFO baidu.com Starting scrape.
2018-03-28 16:32:38,263 INFO baidu.com No ads.txt found.
2018-03-28 16:32:38,263 INFO wikipedia.org Starting scrape.
2018-03-28 16:32:39,088 INFO wikipedia.org No ads.txt found.
2018-03-28 16:32:39,088 INFO yahoo.com Starting scrape.
2018-03-28 16:32:40,253 INFO yahoo.com No ads.txt found.
2018-03-28 16:32:40,255 INFO reddit.com Starting scrape.
2018-03-28 16:32:41,599 INFO reddit.com Scrape successful, committed to database.
2018-03-28 16:32:41,599 INFO google.co.in Starting scrape.
2018-03-28 16:32:42,992 INFO google.co.in No ads.txt found.
2018-03-28 16:32:42,993 INFO qq.com Starting scrape.
2018-03-28 16:32:44,283 INFO qq.com No ads.txt found.
2018-03-28 16:32:44,283 INFO taobao.com Starting scrape.
2018-03-28 16:32:46,796 INFO taobao.com No ads.txt found.
