2018-03-28 18:22:08,078 INFO Creating database table.
2018-03-28 18:22:08,078 INFO Database table created.
2018-03-28 18:22:13,369 INFO google.com Starting scrape.
2018-03-28 18:22:13,812 INFO google.com No ads.txt found.
2018-03-28 18:22:13,812 INFO youtube.com Starting scrape.
2018-03-28 18:22:13,862 INFO youtube.com Scrape successful, committed to database.
2018-03-28 18:22:13,871 INFO facebook.com Starting scrape.
2018-03-28 18:22:14,209 INFO facebook.com No ads.txt found.
2018-03-28 18:22:14,217 INFO baidu.com Starting scrape.
2018-03-28 18:22:14,237 INFO baidu.com No ads.txt found.
2018-03-28 18:22:14,246 INFO wikipedia.org Starting scrape.
2018-03-28 18:22:14,848 INFO wikipedia.org No ads.txt found.
2018-03-28 18:22:14,858 INFO yahoo.com Starting scrape.
2018-03-28 18:22:16,176 INFO yahoo.com No ads.txt found.
2018-03-28 18:22:16,187 INFO reddit.com Starting scrape.
2018-03-28 18:22:18,019 INFO reddit.com Scrape successful, committed to database.
2018-03-28 18:22:18,032 INFO google.co.in Starting scrape.
2018-03-28 18:22:19,924 INFO google.co.in No ads.txt found.
2018-03-28 18:22:19,933 INFO qq.com Starting scrape.
2018-03-28 18:22:21,865 INFO qq.com No ads.txt found.
2018-03-28 18:22:21,874 INFO taobao.com Starting scrape.
2018-03-28 18:22:23,914 INFO taobao.com No ads.txt found.
